生成启动时间为 2018/1/18 15:24:29。
     1>项目“E:\ZJU\大二下\地理空间数据库\实习7_3140100193_施能\lab7\lab7.vcxproj”在节点 2 上(Build 个目标)。
     1>ClCompile:
         C:\Program Files (x86)\Microsoft Visual Studio 12.0\VC\bin\CL.exe /c /Zi /nologo /W3 /WX- /O2 /Oi /Oy- /GL /D WIN32 /D NDEBUG /D _CONSOLE /D _UNICODE /D UNICODE /Gm- /EHsc /MD /GS /Gy /fp:precise /Zc:wchar_t /Zc:forScope /Fo"Release\\" /Fd"Release\vc120.pdb" /Gd /TP /analyze- /errorReport:prompt KMeans.cpp Geometry.cpp lab7.cpp QuadTree.cpp shapelib\dbfopen.cpp shapelib\safileio.cpp shapelib\shpopen.cpp test.cpp
         KMeans.cpp
     1>KMeans.cpp(13): warning C4018: “<”: 有符号/无符号不匹配
     1>KMeans.cpp(60): warning C4018: “<”: 有符号/无符号不匹配
     1>KMeans.cpp(83): warning C4018: “<”: 有符号/无符号不匹配
         Geometry.cpp
     1>Geometry.cpp(66): warning C4244: “参数”: 从“const double”转换到“GLfloat”，可能丢失数据
     1>Geometry.cpp(67): warning C4244: “参数”: 从“const double”转换到“GLfloat”，可能丢失数据
     1>Geometry.cpp(68): warning C4244: “参数”: 从“const double”转换到“GLfloat”，可能丢失数据
     1>Geometry.cpp(69): warning C4244: “参数”: 从“const double”转换到“GLfloat”，可能丢失数据
     1>Geometry.cpp(70): warning C4244: “参数”: 从“const double”转换到“GLfloat”，可能丢失数据
     1>Geometry.cpp(110): warning C4244: “参数”: 从“const double”转换到“GLfloat”，可能丢失数据
         lab7.cpp
     1>e:\zju\大二下\地理空间数据库\实习7_3140100193_施能\lab7\voronoi.h(90): warning C4018: “<”: 有符号/无符号不匹配
     1>lab7.cpp(222): warning C4244: “参数”: 从“double”转换到“GLfloat”，可能丢失数据
         QuadTree.cpp
     1>QuadTree.cpp(9): warning C4018: “<=”: 有符号/无符号不匹配
     1>QuadTree.cpp(43): warning C4018: “<”: 有符号/无符号不匹配
     1>QuadTree.cpp(91): warning C4018: “<”: 有符号/无符号不匹配
     1>QuadTree.cpp(155): warning C4018: “<”: 有符号/无符号不匹配
     1>QuadTree.cpp(168): warning C4018: “<”: 有符号/无符号不匹配
     1>QuadTree.cpp(218): warning C4018: “<”: 有符号/无符号不匹配
     1>QuadTree.cpp(241): warning C4018: “<”: 有符号/无符号不匹配
         dbfopen.cpp
     1>shapelib\dbfopen.cpp(279): warning C4996: 'sprintf': This function or variable may be unsafe. Consider using sprintf_s instead. To disable deprecation, use _CRT_SECURE_NO_WARNINGS. See online help for details.
                 C:\Program Files (x86)\Microsoft Visual Studio 12.0\VC\include\stdio.h(356) : 参见“sprintf”的声明
     1>shapelib\dbfopen.cpp(309): warning C4996: 'sprintf': This function or variable may be unsafe. Consider using sprintf_s instead. To disable deprecation, use _CRT_SECURE_NO_WARNINGS. See online help for details.
                 C:\Program Files (x86)\Microsoft Visual Studio 12.0\VC\include\stdio.h(356) : 参见“sprintf”的声明
     1>shapelib\dbfopen.cpp(319): warning C4996: 'sprintf': This function or variable may be unsafe. Consider using sprintf_s instead. To disable deprecation, use _CRT_SECURE_NO_WARNINGS. See online help for details.
                 C:\Program Files (x86)\Microsoft Visual Studio 12.0\VC\include\stdio.h(356) : 参见“sprintf”的声明
     1>shapelib\dbfopen.cpp(412): warning C4996: 'strcpy': This function or variable may be unsafe. Consider using strcpy_s instead. To disable deprecation, use _CRT_SECURE_NO_WARNINGS. See online help for details.
                 C:\Program Files (x86)\Microsoft Visual Studio 12.0\VC\include\string.h(112) : 参见“strcpy”的声明
     1>shapelib\dbfopen.cpp(423): warning C4996: 'sprintf': This function or variable may be unsafe. Consider using sprintf_s instead. To disable deprecation, use _CRT_SECURE_NO_WARNINGS. See online help for details.
                 C:\Program Files (x86)\Microsoft Visual Studio 12.0\VC\include\stdio.h(356) : 参见“sprintf”的声明
     1>shapelib\dbfopen.cpp(431): warning C4996: 'sprintf': This function or variable may be unsafe. Consider using sprintf_s instead. To disable deprecation, use _CRT_SECURE_NO_WARNINGS. See online help for details.
                 C:\Program Files (x86)\Microsoft Visual Studio 12.0\VC\include\stdio.h(356) : 参见“sprintf”的声明
     1>shapelib\dbfopen.cpp(435): warning C4996: 'sprintf': This function or variable may be unsafe. Consider using sprintf_s instead. To disable deprecation, use _CRT_SECURE_NO_WARNINGS. See online help for details.
                 C:\Program Files (x86)\Microsoft Visual Studio 12.0\VC\include\stdio.h(356) : 参见“sprintf”的声明
     1>shapelib\dbfopen.cpp(439): warning C4996: 'sprintf': This function or variable may be unsafe. Consider using sprintf_s instead. To disable deprecation, use _CRT_SECURE_NO_WARNINGS. See online help for details.
                 C:\Program Files (x86)\Microsoft Visual Studio 12.0\VC\include\stdio.h(356) : 参见“sprintf”的声明
     1>shapelib\dbfopen.cpp(511): warning C4996: 'sprintf': This function or variable may be unsafe. Consider using sprintf_s instead. To disable deprecation, use _CRT_SECURE_NO_WARNINGS. See online help for details.
                 C:\Program Files (x86)\Microsoft Visual Studio 12.0\VC\include\stdio.h(356) : 参见“sprintf”的声明
     1>shapelib\dbfopen.cpp(513): warning C4996: 'strcpy': This function or variable may be unsafe. Consider using strcpy_s instead. To disable deprecation, use _CRT_SECURE_NO_WARNINGS. See online help for details.
                 C:\Program Files (x86)\Microsoft Visual Studio 12.0\VC\include\string.h(112) : 参见“strcpy”的声明
     1>shapelib\dbfopen.cpp(674): warning C4996: 'strcpy': This function or variable may be unsafe. Consider using strcpy_s instead. To disable deprecation, use _CRT_SECURE_NO_WARNINGS. See online help for details.
                 C:\Program Files (x86)\Microsoft Visual Studio 12.0\VC\include\string.h(112) : 参见“strcpy”的声明
     1>shapelib\dbfopen.cpp(685): warning C4996: 'sprintf': This function or variable may be unsafe. Consider using sprintf_s instead. To disable deprecation, use _CRT_SECURE_NO_WARNINGS. See online help for details.
                 C:\Program Files (x86)\Microsoft Visual Studio 12.0\VC\include\stdio.h(356) : 参见“sprintf”的声明
     1>shapelib\dbfopen.cpp(702): warning C4996: 'sprintf': This function or variable may be unsafe. Consider using sprintf_s instead. To disable deprecation, use _CRT_SECURE_NO_WARNINGS. See online help for details.
                 C:\Program Files (x86)\Microsoft Visual Studio 12.0\VC\include\stdio.h(356) : 参见“sprintf”的声明
     1>shapelib\dbfopen.cpp(755): warning C4996: 'strcpy': This function or variable may be unsafe. Consider using strcpy_s instead. To disable deprecation, use _CRT_SECURE_NO_WARNINGS. See online help for details.
                 C:\Program Files (x86)\Microsoft Visual Studio 12.0\VC\include\string.h(112) : 参见“strcpy”的声明
     1>shapelib\dbfopen.cpp(881): warning C4996: 'strncpy': This function or variable may be unsafe. Consider using strncpy_s instead. To disable deprecation, use _CRT_SECURE_NO_WARNINGS. See online help for details.
                 C:\Program Files (x86)\Microsoft Visual Studio 12.0\VC\include\string.h(195) : 参见“strncpy”的声明
     1>shapelib\dbfopen.cpp(883): warning C4996: 'strncpy': This function or variable may be unsafe. Consider using strncpy_s instead. To disable deprecation, use _CRT_SECURE_NO_WARNINGS. See online help for details.
                 C:\Program Files (x86)\Microsoft Visual Studio 12.0\VC\include\string.h(195) : 参见“strncpy”的声明
     1>shapelib\dbfopen.cpp(996): warning C4996: 'strncpy': This function or variable may be unsafe. Consider using strncpy_s instead. To disable deprecation, use _CRT_SECURE_NO_WARNINGS. See online help for details.
                 C:\Program Files (x86)\Microsoft Visual Studio 12.0\VC\include\string.h(195) : 参见“strncpy”的声明
     1>shapelib\dbfopen.cpp(1220): warning C4996: 'strncpy': This function or variable may be unsafe. Consider using strncpy_s instead. To disable deprecation, use _CRT_SECURE_NO_WARNINGS. See online help for details.
                 C:\Program Files (x86)\Microsoft Visual Studio 12.0\VC\include\string.h(195) : 参见“strncpy”的声明
     1>shapelib\dbfopen.cpp(1322): warning C4996: 'sprintf': This function or variable may be unsafe. Consider using sprintf_s instead. To disable deprecation, use _CRT_SECURE_NO_WARNINGS. See online help for details.
                 C:\Program Files (x86)\Microsoft Visual Studio 12.0\VC\include\stdio.h(356) : 参见“sprintf”的声明
     1>shapelib\dbfopen.cpp(1323): warning C4996: 'sprintf': This function or variable may be unsafe. Consider using sprintf_s instead. To disable deprecation, use _CRT_SECURE_NO_WARNINGS. See online help for details.
                 C:\Program Files (x86)\Microsoft Visual Studio 12.0\VC\include\stdio.h(356) : 参见“sprintf”的声明
     1>shapelib\dbfopen.cpp(1331): warning C4996: 'strncpy': This function or variable may be unsafe. Consider using strncpy_s instead. To disable deprecation, use _CRT_SECURE_NO_WARNINGS. See online help for details.
                 C:\Program Files (x86)\Microsoft Visual Studio 12.0\VC\include\string.h(195) : 参见“strncpy”的声明
     1>shapelib\dbfopen.cpp(1341): warning C4996: 'sprintf': This function or variable may be unsafe. Consider using sprintf_s instead. To disable deprecation, use _CRT_SECURE_NO_WARNINGS. See online help for details.
                 C:\Program Files (x86)\Microsoft Visual Studio 12.0\VC\include\stdio.h(356) : 参见“sprintf”的声明
     1>shapelib\dbfopen.cpp(1342): warning C4996: 'sprintf': This function or variable may be unsafe. Consider using sprintf_s instead. To disable deprecation, use _CRT_SECURE_NO_WARNINGS. See online help for details.
                 C:\Program Files (x86)\Microsoft Visual Studio 12.0\VC\include\stdio.h(356) : 参见“sprintf”的声明
     1>shapelib\dbfopen.cpp(1349): warning C4996: 'strncpy': This function or variable may be unsafe. Consider using strncpy_s instead. To disable deprecation, use _CRT_SECURE_NO_WARNINGS. See online help for details.
                 C:\Program Files (x86)\Microsoft Visual Studio 12.0\VC\include\string.h(195) : 参见“strncpy”的声明
     1>shapelib\dbfopen.cpp(1373): warning C4996: 'strncpy': This function or variable may be unsafe. Consider using strncpy_s instead. To disable deprecation, use _CRT_SECURE_NO_WARNINGS. See online help for details.
                 C:\Program Files (x86)\Microsoft Visual Studio 12.0\VC\include\string.h(195) : 参见“strncpy”的声明
     1>shapelib\dbfopen.cpp(1442): warning C4996: 'strncpy': This function or variable may be unsafe. Consider using strncpy_s instead. To disable deprecation, use _CRT_SECURE_NO_WARNINGS. See online help for details.
                 C:\Program Files (x86)\Microsoft Visual Studio 12.0\VC\include\string.h(195) : 参见“strncpy”的声明
     1>shapelib\dbfopen.cpp(1688): warning C4996: 'strncpy': This function or variable may be unsafe. Consider using strncpy_s instead. To disable deprecation, use _CRT_SECURE_NO_WARNINGS. See online help for details.
                 C:\Program Files (x86)\Microsoft Visual Studio 12.0\VC\include\string.h(195) : 参见“strncpy”的声明
     1>shapelib\dbfopen.cpp(1695): warning C4996: 'strncpy': This function or variable may be unsafe. Consider using strncpy_s instead. To disable deprecation, use _CRT_SECURE_NO_WARNINGS. See online help for details.
                 C:\Program Files (x86)\Microsoft Visual Studio 12.0\VC\include\string.h(195) : 参见“strncpy”的声明
     1>shapelib\dbfopen.cpp(2067): warning C4996: 'strncpy': This function or variable may be unsafe. Consider using strncpy_s instead. To disable deprecation, use _CRT_SECURE_NO_WARNINGS. See online help for details.
                 C:\Program Files (x86)\Microsoft Visual Studio 12.0\VC\include\string.h(195) : 参见“strncpy”的声明
     1>shapelib\dbfopen.cpp(2069): warning C4996: 'strncpy': This function or variable may be unsafe. Consider using strncpy_s instead. To disable deprecation, use _CRT_SECURE_NO_WARNINGS. See online help for details.
                 C:\Program Files (x86)\Microsoft Visual Studio 12.0\VC\include\string.h(195) : 参见“strncpy”的声明
         safileio.cpp
     1>shapelib\safileio.cpp(86): warning C4996: 'fopen': This function or variable may be unsafe. Consider using fopen_s instead. To disable deprecation, use _CRT_SECURE_NO_WARNINGS. See online help for details.
                 C:\Program Files (x86)\Microsoft Visual Studio 12.0\VC\include\stdio.h(211) : 参见“fopen”的声明
     1>shapelib\safileio.cpp(236): warning C4996: '_wfopen': This function or variable may be unsafe. Consider using _wfopen_s instead. To disable deprecation, use _CRT_SECURE_NO_WARNINGS. See online help for details.
                 C:\Program Files (x86)\Microsoft Visual Studio 12.0\VC\include\stdio.h(590) : 参见“_wfopen”的声明
         shpopen.cpp
     1>shapelib\shpopen.cpp(535): warning C4996: 'strcpy': This function or variable may be unsafe. Consider using strcpy_s instead. To disable deprecation, use _CRT_SECURE_NO_WARNINGS. See online help for details.
                 C:\Program Files (x86)\Microsoft Visual Studio 12.0\VC\include\string.h(112) : 参见“strcpy”的声明
     1>shapelib\shpopen.cpp(550): warning C4996: 'sprintf': This function or variable may be unsafe. Consider using sprintf_s instead. To disable deprecation, use _CRT_SECURE_NO_WARNINGS. See online help for details.
                 C:\Program Files (x86)\Microsoft Visual Studio 12.0\VC\include\stdio.h(356) : 参见“sprintf”的声明
     1>shapelib\shpopen.cpp(554): warning C4996: 'sprintf': This function or variable may be unsafe. Consider using sprintf_s instead. To disable deprecation, use _CRT_SECURE_NO_WARNINGS. See online help for details.
                 C:\Program Files (x86)\Microsoft Visual Studio 12.0\VC\include\stdio.h(356) : 参见“sprintf”的声明
     1>shapelib\shpopen.cpp(562): warning C4996: 'sprintf': This function or variable may be unsafe. Consider using sprintf_s instead. To disable deprecation, use _CRT_SECURE_NO_WARNINGS. See online help for details.
                 C:\Program Files (x86)\Microsoft Visual Studio 12.0\VC\include\stdio.h(356) : 参见“sprintf”的声明
     1>shapelib\shpopen.cpp(573): warning C4996: 'sprintf': This function or variable may be unsafe. Consider using sprintf_s instead. To disable deprecation, use _CRT_SECURE_NO_WARNINGS. See online help for details.
                 C:\Program Files (x86)\Microsoft Visual Studio 12.0\VC\include\stdio.h(356) : 参见“sprintf”的声明
     1>shapelib\shpopen.cpp(577): warning C4996: 'sprintf': This function or variable may be unsafe. Consider using sprintf_s instead. To disable deprecation, use _CRT_SECURE_NO_WARNINGS. See online help for details.
                 C:\Program Files (x86)\Microsoft Visual Studio 12.0\VC\include\stdio.h(356) : 参见“sprintf”的声明
     1>shapelib\shpopen.cpp(585): warning C4996: 'sprintf': This function or variable may be unsafe. Consider using sprintf_s instead. To disable deprecation, use _CRT_SECURE_NO_WARNINGS. See online help for details.
                 C:\Program Files (x86)\Microsoft Visual Studio 12.0\VC\include\stdio.h(356) : 参见“sprintf”的声明
     1>shapelib\shpopen.cpp(640): warning C4996: 'sprintf': This function or variable may be unsafe. Consider using sprintf_s instead. To disable deprecation, use _CRT_SECURE_NO_WARNINGS. See online help for details.
                 C:\Program Files (x86)\Microsoft Visual Studio 12.0\VC\include\stdio.h(356) : 参见“sprintf”的声明
     1>shapelib\shpopen.cpp(708): warning C4996: 'sprintf': This function or variable may be unsafe. Consider using sprintf_s instead. To disable deprecation, use _CRT_SECURE_NO_WARNINGS. See online help for details.
                 C:\Program Files (x86)\Microsoft Visual Studio 12.0\VC\include\stdio.h(356) : 参见“sprintf”的声明
     1>shapelib\shpopen.cpp(726): warning C4996: 'sprintf': This function or variable may be unsafe. Consider using sprintf_s instead. To disable deprecation, use _CRT_SECURE_NO_WARNINGS. See online help for details.
                 C:\Program Files (x86)\Microsoft Visual Studio 12.0\VC\include\stdio.h(356) : 参见“sprintf”的声明
     1>shapelib\shpopen.cpp(883): warning C4996: 'strcpy': This function or variable may be unsafe. Consider using strcpy_s instead. To disable deprecation, use _CRT_SECURE_NO_WARNINGS. See online help for details.
                 C:\Program Files (x86)\Microsoft Visual Studio 12.0\VC\include\string.h(112) : 参见“strcpy”的声明
     1>shapelib\shpopen.cpp(897): warning C4996: 'sprintf': This function or variable may be unsafe. Consider using sprintf_s instead. To disable deprecation, use _CRT_SECURE_NO_WARNINGS. See online help for details.
                 C:\Program Files (x86)\Microsoft Visual Studio 12.0\VC\include\stdio.h(356) : 参见“sprintf”的声明
     1>shapelib\shpopen.cpp(905): warning C4996: 'sprintf': This function or variable may be unsafe. Consider using sprintf_s instead. To disable deprecation, use _CRT_SECURE_NO_WARNINGS. See online help for details.
                 C:\Program Files (x86)\Microsoft Visual Studio 12.0\VC\include\stdio.h(356) : 参见“sprintf”的声明
     1>shapelib\shpopen.cpp(1478): warning C4996: 'sprintf': This function or variable may be unsafe. Consider using sprintf_s instead. To disable deprecation, use _CRT_SECURE_NO_WARNINGS. See online help for details.
                 C:\Program Files (x86)\Microsoft Visual Studio 12.0\VC\include\stdio.h(356) : 参见“sprintf”的声明
     1>shapelib\shpopen.cpp(1606): warning C4996: 'sprintf': This function or variable may be unsafe. Consider using sprintf_s instead. To disable deprecation, use _CRT_SECURE_NO_WARNINGS. See online help for details.
                 C:\Program Files (x86)\Microsoft Visual Studio 12.0\VC\include\stdio.h(356) : 参见“sprintf”的声明
     1>shapelib\shpopen.cpp(1633): warning C4996: 'sprintf': This function or variable may be unsafe. Consider using sprintf_s instead. To disable deprecation, use _CRT_SECURE_NO_WARNINGS. See online help for details.
                 C:\Program Files (x86)\Microsoft Visual Studio 12.0\VC\include\stdio.h(356) : 参见“sprintf”的声明
     1>shapelib\shpopen.cpp(1648): warning C4996: 'sprintf': This function or variable may be unsafe. Consider using sprintf_s instead. To disable deprecation, use _CRT_SECURE_NO_WARNINGS. See online help for details.
                 C:\Program Files (x86)\Microsoft Visual Studio 12.0\VC\include\stdio.h(356) : 参见“sprintf”的声明
     1>shapelib\shpopen.cpp(1665): warning C4996: '_snprintf': This function or variable may be unsafe. Consider using _snprintf_s instead. To disable deprecation, use _CRT_SECURE_NO_WARNINGS. See online help for details.
                 C:\Program Files (x86)\Microsoft Visual Studio 12.0\VC\include\stdio.h(346) : 参见“_snprintf”的声明
     1>shapelib\shpopen.cpp(1691): warning C4996: '_snprintf': This function or variable may be unsafe. Consider using _snprintf_s instead. To disable deprecation, use _CRT_SECURE_NO_WARNINGS. See online help for details.
                 C:\Program Files (x86)\Microsoft Visual Studio 12.0\VC\include\stdio.h(346) : 参见“_snprintf”的声明
     1>shapelib\shpopen.cpp(1724): warning C4996: '_snprintf': This function or variable may be unsafe. Consider using _snprintf_s instead. To disable deprecation, use _CRT_SECURE_NO_WARNINGS. See online help for details.
                 C:\Program Files (x86)\Microsoft Visual Studio 12.0\VC\include\stdio.h(346) : 参见“_snprintf”的声明
     1>shapelib\shpopen.cpp(1748): warning C4996: '_snprintf': This function or variable may be unsafe. Consider using _snprintf_s instead. To disable deprecation, use _CRT_SECURE_NO_WARNINGS. See online help for details.
                 C:\Program Files (x86)\Microsoft Visual Studio 12.0\VC\include\stdio.h(346) : 参见“_snprintf”的声明
     1>shapelib\shpopen.cpp(1773): warning C4996: '_snprintf': This function or variable may be unsafe. Consider using _snprintf_s instead. To disable deprecation, use _CRT_SECURE_NO_WARNINGS. See online help for details.
                 C:\Program Files (x86)\Microsoft Visual Studio 12.0\VC\include\stdio.h(346) : 参见“_snprintf”的声明
     1>shapelib\shpopen.cpp(1779): warning C4018: “<”: 有符号/无符号不匹配
     1>shapelib\shpopen.cpp(1786): warning C4018: “<”: 有符号/无符号不匹配
     1>shapelib\shpopen.cpp(1797): warning C4996: '_snprintf': This function or variable may be unsafe. Consider using _snprintf_s instead. To disable deprecation, use _CRT_SECURE_NO_WARNINGS. See online help for details.
                 C:\Program Files (x86)\Microsoft Visual Studio 12.0\VC\include\stdio.h(346) : 参见“_snprintf”的声明
     1>shapelib\shpopen.cpp(1806): warning C4996: '_snprintf': This function or variable may be unsafe. Consider using _snprintf_s instead. To disable deprecation, use _CRT_SECURE_NO_WARNINGS. See online help for details.
                 C:\Program Files (x86)\Microsoft Visual Studio 12.0\VC\include\stdio.h(346) : 参见“_snprintf”的声明
     1>shapelib\shpopen.cpp(1821): warning C4018: “<”: 有符号/无符号不匹配
     1>shapelib\shpopen.cpp(1832): warning C4018: “<”: 有符号/无符号不匹配
     1>shapelib\shpopen.cpp(1861): warning C4018: “<”: 有符号/无符号不匹配
     1>shapelib\shpopen.cpp(1877): warning C4018: “>=”: 有符号/无符号不匹配
     1>shapelib\shpopen.cpp(1885): warning C4018: “<”: 有符号/无符号不匹配
     1>shapelib\shpopen.cpp(1909): warning C4996: '_snprintf': This function or variable may be unsafe. Consider using _snprintf_s instead. To disable deprecation, use _CRT_SECURE_NO_WARNINGS. See online help for details.
                 C:\Program Files (x86)\Microsoft Visual Studio 12.0\VC\include\stdio.h(346) : 参见“_snprintf”的声明
     1>shapelib\shpopen.cpp(1922): warning C4996: '_snprintf': This function or variable may be unsafe. Consider using _snprintf_s instead. To disable deprecation, use _CRT_SECURE_NO_WARNINGS. See online help for details.
                 C:\Program Files (x86)\Microsoft Visual Studio 12.0\VC\include\stdio.h(346) : 参见“_snprintf”的声明
     1>shapelib\shpopen.cpp(1937): warning C4996: '_snprintf': This function or variable may be unsafe. Consider using _snprintf_s instead. To disable deprecation, use _CRT_SECURE_NO_WARNINGS. See online help for details.
                 C:\Program Files (x86)\Microsoft Visual Studio 12.0\VC\include\stdio.h(346) : 参见“_snprintf”的声明
     1>shapelib\shpopen.cpp(1956): warning C4996: '_snprintf': This function or variable may be unsafe. Consider using _snprintf_s instead. To disable deprecation, use _CRT_SECURE_NO_WARNINGS. See online help for details.
                 C:\Program Files (x86)\Microsoft Visual Studio 12.0\VC\include\stdio.h(346) : 参见“_snprintf”的声明
     1>shapelib\shpopen.cpp(1962): warning C4018: “<”: 有符号/无符号不匹配
     1>shapelib\shpopen.cpp(1997): warning C4018: “<”: 有符号/无符号不匹配
     1>shapelib\shpopen.cpp(2013): warning C4018: “>=”: 有符号/无符号不匹配
     1>shapelib\shpopen.cpp(2021): warning C4018: “<”: 有符号/无符号不匹配
     1>shapelib\shpopen.cpp(2050): warning C4996: '_snprintf': This function or variable may be unsafe. Consider using _snprintf_s instead. To disable deprecation, use _CRT_SECURE_NO_WARNINGS. See online help for details.
                 C:\Program Files (x86)\Microsoft Visual Studio 12.0\VC\include\stdio.h(346) : 参见“_snprintf”的声明
         test.cpp
     1>test.cpp(12): warning C4996: 'sprintf': This function or variable may be unsafe. Consider using sprintf_s instead. To disable deprecation, use _CRT_SECURE_NO_WARNINGS. See online help for details.
                 C:\Program Files (x86)\Microsoft Visual Studio 12.0\VC\include\stdio.h(356) : 参见“sprintf”的声明
     1>test.cpp(13): warning C4996: 'sscanf': This function or variable may be unsafe. Consider using sscanf_s instead. To disable deprecation, use _CRT_SECURE_NO_WARNINGS. See online help for details.
                 C:\Program Files (x86)\Microsoft Visual Studio 12.0\VC\include\stdio.h(304) : 参见“sscanf”的声明
     1>test.cpp(211): warning C4244: “参数”: 从“time_t”转换到“unsigned int”，可能丢失数据
       Link:
         C:\Program Files (x86)\Microsoft Visual Studio 12.0\VC\bin\link.exe /ERRORREPORT:PROMPT /OUT:"E:\ZJU\大二下\地理空间数据库\实习7_3140100193_施能\lab7\Release\lab7.exe" /INCREMENTAL:NO /NOLOGO kernel32.lib user32.lib gdi32.lib winspool.lib comdlg32.lib advapi32.lib shell32.lib ole32.lib oleaut32.lib uuid.lib odbc32.lib odbccp32.lib /NODEFAULTLIB:libcmtd.lib /MANIFEST /MANIFESTUAC:"level='asInvoker' uiAccess='false'" /manifest:embed /DEBUG /PDB:"E:\ZJU\大二下\地理空间数据库\实习7_3140100193_施能\lab7\Release\lab7.pdb" /SUBSYSTEM:CONSOLE /OPT:REF /OPT:ICF /LTCG /TLBID:1 /DYNAMICBASE /NXCOMPAT /IMPLIB:"E:\ZJU\大二下\地理空间数据库\实习7_3140100193_施能\lab7\Release\lab7.lib" /MACHINE:X86 /SAFESEH Release\KMeans.obj
         Release\Geometry.obj
         Release\lab7.obj
         Release\QuadTree.obj
         Release\dbfopen.obj
         Release\safileio.obj
         Release\shpopen.obj
         Release\test.obj
         正在生成代码
         已完成代码的生成
     1>freeglut_staticd.lib(freeglut_callbacks.obj) : warning LNK4204: “E:\ZJU\大二下\地理空间数据库\实习7_3140100193_施能\lab7\Release\vc120.pdb”缺少引用模块的调试信息；正在链接对象，如同没有调试信息一样
     1>freeglut_staticd.lib(freeglut_cursor.obj) : warning LNK4204: “E:\ZJU\大二下\地理空间数据库\实习7_3140100193_施能\lab7\Release\vc120.pdb”缺少引用模块的调试信息；正在链接对象，如同没有调试信息一样
     1>freeglut_staticd.lib(freeglut_display.obj) : warning LNK4204: “E:\ZJU\大二下\地理空间数据库\实习7_3140100193_施能\lab7\Release\vc120.pdb”缺少引用模块的调试信息；正在链接对象，如同没有调试信息一样
     1>freeglut_staticd.lib(freeglut_font.obj) : warning LNK4204: “E:\ZJU\大二下\地理空间数据库\实习7_3140100193_施能\lab7\Release\vc120.pdb”缺少引用模块的调试信息；正在链接对象，如同没有调试信息一样
     1>freeglut_staticd.lib(freeglut_font_data.obj) : warning LNK4204: “E:\ZJU\大二下\地理空间数据库\实习7_3140100193_施能\lab7\Release\vc120.pdb”缺少引用模块的调试信息；正在链接对象，如同没有调试信息一样
     1>freeglut_staticd.lib(freeglut_gamemode.obj) : warning LNK4204: “E:\ZJU\大二下\地理空间数据库\实习7_3140100193_施能\lab7\Release\vc120.pdb”缺少引用模块的调试信息；正在链接对象，如同没有调试信息一样
     1>freeglut_staticd.lib(freeglut_init.obj) : warning LNK4204: “E:\ZJU\大二下\地理空间数据库\实习7_3140100193_施能\lab7\Release\vc120.pdb”缺少引用模块的调试信息；正在链接对象，如同没有调试信息一样
     1>freeglut_staticd.lib(freeglut_input_devices.obj) : warning LNK4204: “E:\ZJU\大二下\地理空间数据库\实习7_3140100193_施能\lab7\Release\vc120.pdb”缺少引用模块的调试信息；正在链接对象，如同没有调试信息一样
     1>freeglut_staticd.lib(freeglut_joystick.obj) : warning LNK4204: “E:\ZJU\大二下\地理空间数据库\实习7_3140100193_施能\lab7\Release\vc120.pdb”缺少引用模块的调试信息；正在链接对象，如同没有调试信息一样
     1>freeglut_staticd.lib(freeglut_main.obj) : warning LNK4204: “E:\ZJU\大二下\地理空间数据库\实习7_3140100193_施能\lab7\Release\vc120.pdb”缺少引用模块的调试信息；正在链接对象，如同没有调试信息一样
     1>freeglut_staticd.lib(freeglut_menu.obj) : warning LNK4204: “E:\ZJU\大二下\地理空间数据库\实习7_3140100193_施能\lab7\Release\vc120.pdb”缺少引用模块的调试信息；正在链接对象，如同没有调试信息一样
     1>freeglut_staticd.lib(freeglut_spaceball.obj) : warning LNK4204: “E:\ZJU\大二下\地理空间数据库\实习7_3140100193_施能\lab7\Release\vc120.pdb”缺少引用模块的调试信息；正在链接对象，如同没有调试信息一样
     1>freeglut_staticd.lib(freeglut_state.obj) : warning LNK4204: “E:\ZJU\大二下\地理空间数据库\实习7_3140100193_施能\lab7\Release\vc120.pdb”缺少引用模块的调试信息；正在链接对象，如同没有调试信息一样
     1>freeglut_staticd.lib(freeglut_stroke_mono_roman.obj) : warning LNK4204: “E:\ZJU\大二下\地理空间数据库\实习7_3140100193_施能\lab7\Release\vc120.pdb”缺少引用模块的调试信息；正在链接对象，如同没有调试信息一样
     1>freeglut_staticd.lib(freeglut_stroke_roman.obj) : warning LNK4204: “E:\ZJU\大二下\地理空间数据库\实习7_3140100193_施能\lab7\Release\vc120.pdb”缺少引用模块的调试信息；正在链接对象，如同没有调试信息一样
     1>freeglut_staticd.lib(freeglut_structure.obj) : warning LNK4204: “E:\ZJU\大二下\地理空间数据库\实习7_3140100193_施能\lab7\Release\vc120.pdb”缺少引用模块的调试信息；正在链接对象，如同没有调试信息一样
     1>freeglut_staticd.lib(freeglut_window.obj) : warning LNK4204: “E:\ZJU\大二下\地理空间数据库\实习7_3140100193_施能\lab7\Release\vc120.pdb”缺少引用模块的调试信息；正在链接对象，如同没有调试信息一样
         lab7.vcxproj -> E:\ZJU\大二下\地理空间数据库\实习7_3140100193_施能\lab7\Release\lab7.exe
     1>已完成生成项目“E:\ZJU\大二下\地理空间数据库\实习7_3140100193_施能\lab7\lab7.vcxproj”(Build 个目标)的操作。

生成成功。

已用时间 00:01:39.14
