生成启动时间为 2016/4/8 13:26:25。
     1>项目“E:\GeoDatabase\BCNF1\BCNF1\BCNF1.vcxproj”在节点 2 上(Build 个目标)。
     1>ClCompile:
         C:\Program Files (x86)\Microsoft Visual Studio 12.0\VC\bin\CL.exe /c /ZI /nologo /W3 /WX- /sdl /Od /Oy- /D WIN32 /D _DEBUG /D _CONSOLE /D _LIB /D _UNICODE /D UNICODE /Gm /EHsc /RTC1 /MDd /GS /fp:precise /Zc:wchar_t /Zc:forScope /Fo"Debug\\" /Fd"Debug\vc120.pdb" /Gd /TP /analyze- /errorReport:prompt "源.cpp"
         源.cpp
     1>e:\geodatabase\bcnf1\bcnf1\源.cpp(116): warning C4018: “<”: 有符号/无符号不匹配
     1>e:\geodatabase\bcnf1\bcnf1\源.cpp(127): warning C4018: “>”: 有符号/无符号不匹配
     1>e:\geodatabase\bcnf1\bcnf1\源.cpp(181): warning C4018: “<”: 有符号/无符号不匹配
     1>e:\geodatabase\bcnf1\bcnf1\源.cpp(184): warning C4018: “<”: 有符号/无符号不匹配
     1>e:\geodatabase\bcnf1\bcnf1\源.cpp(200): warning C4018: “<”: 有符号/无符号不匹配
     1>e:\geodatabase\bcnf1\bcnf1\源.cpp(203): warning C4018: “<”: 有符号/无符号不匹配
     1>e:\geodatabase\bcnf1\bcnf1\源.cpp(275): warning C4018: “<”: 有符号/无符号不匹配
     1>e:\geodatabase\bcnf1\bcnf1\源.cpp(276): warning C4018: “<”: 有符号/无符号不匹配
     1>c:\program files (x86)\microsoft visual studio 12.0\vc\include\xutility(2600): warning C4800: “const int”: 将值强制为布尔值“true”或“false”(性能警告)
                 c:\program files (x86)\microsoft visual studio 12.0\vc\include\xutility(2623): 参见对正在编译的函数 模板 实例化“void std::_Fill<_Iter,_Ty>(_FwdIt,_FwdIt,const _Ty &)”的引用
                 with
                 [
                     _Iter=bool *
         ,            _Ty=int
         ,            _FwdIt=bool *
                 ]
                 e:\geodatabase\bcnf1\bcnf1\源.cpp(27): 参见对正在编译的函数 模板 实例化“void std::fill<bool*,int>(_FwdIt,_FwdIt,const _Ty &)”的引用
                 with
                 [
                     _FwdIt=bool *
         ,            _Ty=int
                 ]
       Link:
         C:\Program Files (x86)\Microsoft Visual Studio 12.0\VC\bin\link.exe /ERRORREPORT:PROMPT /OUT:"E:\GeoDatabase\BCNF1\Debug\BCNF1.exe" /INCREMENTAL /NOLOGO kernel32.lib user32.lib gdi32.lib winspool.lib comdlg32.lib advapi32.lib shell32.lib ole32.lib oleaut32.lib uuid.lib odbc32.lib odbccp32.lib /MANIFEST /MANIFESTUAC:"level='asInvoker' uiAccess='false'" /manifest:embed /DEBUG /PDB:"E:\GeoDatabase\BCNF1\Debug\BCNF1.pdb" /SUBSYSTEM:CONSOLE /TLBID:1 /DYNAMICBASE /NXCOMPAT /IMPLIB:"E:\GeoDatabase\BCNF1\Debug\BCNF1.lib" /MACHINE:X86 "Debug\源.obj"
         BCNF1.vcxproj -> E:\GeoDatabase\BCNF1\Debug\BCNF1.exe
     1>已完成生成项目“E:\GeoDatabase\BCNF1\BCNF1\BCNF1.vcxproj”(Build 个目标)的操作。

生成成功。

已用时间 00:00:11.66
